<?xml version="1.0" encoding="UTF-8"?>
<!-- Generated by org.testng.reporters.JUnitReportReporter -->
<testsuite hostname="LAPTOP-KD968VD7" failures="0" tests="2" name="Test_01.Practice1_maven.ErrorTest54" time="6.568" errors="0" timestamp="2022-12-22T13:33:35 IST" skipped="0">
  <testcase classname="Test_01.Practice1_maven.ErrorTest54" name="error" time="3.818"/>
  <system-out/>
  <testcase classname="Test_01.Practice1_maven.ErrorTest54" name="error" time="2.750"/>
  <system-out/>
</testsuite> <!-- Test_01.Practice1_maven.ErrorTest54 -->
