<?xml version="1.0" encoding="UTF-8"?>
<!-- Generated by org.testng.reporters.JUnitReportReporter -->
<testsuite hostname="LAPTOP-KD968VD7" failures="0" tests="2" name="Test_01.Practice1_maven.ErrorTest" time="8.755" errors="0" timestamp="2022-12-22T13:16:39 IST" skipped="0">
  <testcase classname="Test_01.Practice1_maven.ErrorTest" name="error" time="3.536"/>
  <system-out/>
  <testcase classname="Test_01.Practice1_maven.ErrorTest" name="error" time="5.219"/>
  <system-out/>
</testsuite> <!-- Test_01.Practice1_maven.ErrorTest -->
